dnl-01.geo.kaspersky.com
download797.avast.com
downloads2.kaspersky-labs.com
es-latest-3.sophos.com/update
es-web-2.sophos.com
es-web-2.sophos.com.edgesuite.net
es-web.sophos.com
es-web.sophos.com.edgesuite.net
forefrontdl.microsoft.com
guru.avg.com
liveupdate.symantec.com
liveupdate.symantecliveupdate.com
osce8-p.activeupdate.trendmicro.com
update.nai.com
update.symantec.com
www.dnl-01.geo.kaspersky.com
www.download797.avast.com
www.downloads2.kaspersky-labs.com
www.es-latest-3.sophos.com/update
www.es-web-2.sophos.com
www.es-web-2.sophos.com.edgesuite.net
www.es-web.sophos.com
www.es-web.sophos.com.edgesuite.net
www.forefrontdl.microsoft.com
www.guru.avg.com
www.liveupdate.symantec.com
www.liveupdate.symantecliveupdate.com
www.osce8-p.activeupdate.trendmicro.com
www.update.nai.com
www.update.symantec.com
